Processing 197 files with setInterval issues
- No changes needed for 2025/25-04/25-04-01/Clock.tsx
- No changes needed for 2025/25-04/25-04-06/Clock.tsx
- No changes needed for 2025/25-04/25-04-19/Clock.tsx
- No changes needed for 2025/25-04/25-04-27/Clock.tsx
- No changes needed for 2025/25-04/25-04-28/Clock.tsx
- No changes needed for 2025/25-04/25-04-30/Clock.tsx
- No changes needed for 2025/25-05/25-05-03/Clock.tsx
- No changes needed for 2025/25-05/25-05-04/Clock.tsx
- No changes needed for 2025/25-05/25-05-05/Clock.tsx
- No changes needed for 2025/25-05/25-05-06/Clock.tsx
- No changes needed for 2025/25-05/25-05-08/Clock.tsx
- No changes needed for 2025/25-05/25-05-10/Clock.tsx
- No changes needed for 2025/25-05/25-05-12/Clock.tsx
- No changes needed for 2025/25-05/25-05-15/Clock.tsx
- No changes needed for 2025/25-05/25-05-16/Clock.tsx
- No changes needed for 2025/25-05/25-05-17/Clock.tsx
- No changes needed for 2025/25-05/25-05-18/Clock.tsx
- No changes needed for 2025/25-05/25-05-19/Clock.tsx
- No changes needed for 2025/25-05/25-05-21/Clock.tsx
- No changes needed for 2025/25-05/25-05-22/Clock.tsx
- No changes needed for 2025/25-05/25-05-23/Clock.tsx
- No changes needed for 2025/25-05/25-05-24/Clock.tsx
- No changes needed for 2025/25-05/25-05-25/Clock.tsx
- No changes needed for 2025/25-05/25-05-26/Clock.tsx
- No changes needed for 2025/25-05/25-05-27/Clock.tsx
- No changes needed for 2025/25-05/25-05-29/Clock.tsx
- No changes needed for 2025/25-05/25-05-30/Clock.tsx
- No changes needed for 2025/25-06/25-06-01/Clock.tsx
- No changes needed for 2025/25-06/25-06-02/Clock.tsx
- No changes needed for 2025/25-06/25-06-04/Clock.tsx
- No changes needed for 2025/25-06/25-06-05/Clock.tsx
- No changes needed for 2025/25-06/25-06-06/Clock.tsx
- No changes needed for 2025/25-06/25-06-10/Clock.tsx
- No changes needed for 2025/25-06/25-06-11/Clock.tsx
- No changes needed for 2025/25-06/25-06-12/Clock.tsx
- No changes needed for 2025/25-06/25-06-13/Clock.tsx
- No changes needed for 2025/25-06/25-06-14/Clock.tsx
- No changes needed for 2025/25-06/25-06-15/Clock.tsx
- No changes needed for 2025/25-06/25-06-18/Clock.tsx
- No changes needed for 2025/25-06/25-06-20/Clock.tsx
- No changes needed for 2025/25-06/25-06-22/Clock.tsx
- No changes needed for 2025/25-06/25-06-24/Clock.tsx
- No changes needed for 2025/25-06/25-06-25/Clock.tsx
- No changes needed for 2025/25-06/25-06-26/Clock.tsx
- No changes needed for 2025/25-06/25-06-27/Clock.tsx
- No changes needed for 2025/25-06/25-06-29/Clock.tsx
- No changes needed for 2025/25-06/25-06-30/Clock.tsx
- No changes needed for 2025/25-07/25-07-01/Clock.tsx
- No changes needed for 2025/25-07/25-07-02/Clock.tsx
- No changes needed for 2025/25-07/25-07-05/Clock.tsx
- No changes needed for 2025/25-07/25-07-06/Clock.tsx
- No changes needed for 2025/25-07/25-07-07/Clock.tsx
- No changes needed for 2025/25-07/25-07-08/Clock.tsx
- No changes needed for 2025/25-07/25-07-10/Clock.tsx
- No changes needed for 2025/25-07/25-07-11/Clock.tsx
- No changes needed for 2025/25-07/25-07-12/Clock.tsx
- No changes needed for 2025/25-07/25-07-13/Clock.tsx
- No changes needed for 2025/25-07/25-07-14/Clock.tsx
- No changes needed for 2025/25-07/25-07-15/Clock.tsx
- No changes needed for 2025/25-07/25-07-16/Clock.tsx
- No changes needed for 2025/25-07/25-07-17/Clock.tsx
- No changes needed for 2025/25-07/25-07-18/Clock.tsx
- No changes needed for 2025/25-07/25-07-19/Clock.tsx
- No changes needed for 2025/25-07/25-07-20/Clock.tsx
- No changes needed for 2025/25-07/25-07-21/Clock.tsx
- No changes needed for 2025/25-07/25-07-22/Clock.tsx
- No changes needed for 2025/25-07/25-07-23/Clock.tsx
- No changes needed for 2025/25-07/25-07-25/Clock.tsx
- No changes needed for 2025/25-07/25-07-26/Clock.tsx
- No changes needed for 2025/25-07/25-07-27/Clock.tsx
- No changes needed for 2025/25-07/25-07-30/Clock.tsx
- No changes needed for 2025/25-07/25-07-31/Clock.tsx
- No changes needed for 2025/25-08/25-08-01/Clock.tsx
- No changes needed for 2025/25-08/25-08-03/Clock.tsx
- No changes needed for 2025/25-08/25-08-06/Clock.tsx
- No changes needed for 2025/25-08/25-08-07/Clock.tsx
- No changes needed for 2025/25-08/25-08-08/Clock.tsx
- No changes needed for 2025/25-08/25-08-10/Clock.tsx
- No changes needed for 2025/25-08/25-08-11/Clock.tsx
- No changes needed for 2025/25-08/25-08-12/Clock.tsx
- No changes needed for 2025/25-08/25-08-13/Clock.tsx
- No changes needed for 2025/25-08/25-08-15/Clock.tsx
- No changes needed for 2025/25-08/25-08-16/Clock.tsx
- No changes needed for 2025/25-08/25-08-17/Clock.tsx
- No changes needed for 2025/25-08/25-08-18/Clock.tsx
- No changes needed for 2025/25-08/25-08-19/Clock.tsx
- No changes needed for 2025/25-08/25-08-22/Clock.tsx
- No changes needed for 2025/25-08/25-08-23/Clock.tsx
- No changes needed for 2025/25-08/25-08-24/Clock.tsx
- No changes needed for 2025/25-08/25-08-26/Clock.tsx
- No changes needed for 2025/25-08/25-08-28/Clock.tsx
- No changes needed for 2025/25-08/25-08-29/Clock.tsx
- No changes needed for 2025/25-08/25-08-30/Clock.tsx
- No changes needed for 2025/25-08/25-08-31/Clock.tsx
- No changes needed for 2025/25-09/25-09-01/Clock.tsx
- No changes needed for 2025/25-09/25-09-02/Clock.tsx
- No changes needed for 2025/25-09/25-09-03/Clock.tsx
- No changes needed for 2025/25-09/25-09-04/Clock.tsx
- No changes needed for 2025/25-09/25-09-05/Clock.tsx
- No changes needed for 2025/25-09/25-09-06/Clock.tsx
- No changes needed for 2025/25-09/25-09-07/Clock.tsx
- No changes needed for 2025/25-09/25-09-08/Clock.tsx
- No changes needed for 2025/25-09/25-09-09/Clock.tsx
- No changes needed for 2025/25-09/25-09-10/Clock.tsx
- No changes needed for 2025/25-09/25-09-11/Clock.tsx
- No changes needed for 2025/25-09/25-09-13/Clock.tsx
- No changes needed for 2025/25-09/25-09-15/Clock.tsx
- No changes needed for 2025/25-09/25-09-17/Clock.tsx
- No changes needed for 2025/25-09/25-09-21/Clock.tsx
- No changes needed for 2025/25-09/25-09-25/Clock.tsx
- No changes needed for 2025/25-09/25-09-26/Clock.tsx
- No changes needed for 2025/25-09/25-09-27/Clock.tsx
- No changes needed for 2025/25-09/25-09-28/Clock.tsx
- No changes needed for 2025/25-09/25-09-29/Clock.tsx
- No changes needed for 2025/25-09/25-09-30/Clock.tsx
- No changes needed for 2025/25-10/25-10-01/Clock.tsx
- No changes needed for 2025/25-10/25-10-02/Clock.tsx
- No changes needed for 2025/25-10/25-10-03/Clock.tsx
- No changes needed for 2025/25-10/25-10-05/Clock.tsx
- No changes needed for 2025/25-10/25-10-06/Clock.tsx
- No changes needed for 2025/25-10/25-10-07/Clock.tsx
- No changes needed for 2025/25-10/25-10-08/Clock.tsx
- No changes needed for 2025/25-10/25-10-09/Clock.tsx
- No changes needed for 2025/25-10/25-10-11/Clock.tsx
- No changes needed for 2025/25-10/25-10-13/Clock.tsx
- No changes needed for 2025/25-10/25-10-14/Clock.tsx
- No changes needed for 2025/25-10/25-10-15/Clock.tsx
- No changes needed for 2025/25-10/25-10-16/Clock.tsx
- No changes needed for 2025/25-10/25-10-17/Clock.tsx
- No changes needed for 2025/25-10/25-10-18/Clock.tsx
- No changes needed for 2025/25-10/25-10-19/Clock.tsx
- No changes needed for 2025/25-10/25-10-21/Clock.tsx
- No changes needed for 2025/25-10/25-10-23/Clock.tsx
- No changes needed for 2025/25-10/25-10-25/Clock.tsx
- No changes needed for 2025/25-10/25-10-26/Clock.tsx
- No changes needed for 2025/25-10/25-10-27/Clock.tsx
- No changes needed for 2025/25-10/25-10-29/Clock.tsx
- No changes needed for 2025/25-10/25-10-30/Clock.tsx
- No changes needed for 2025/25-11/25-11-01/Clock.tsx
- No changes needed for 2025/25-11/25-11-02/Clock.tsx
- No changes needed for 2025/25-11/25-11-03/Clock.tsx
- No changes needed for 2025/25-11/25-11-04/Clock.tsx
- No changes needed for 2025/25-11/25-11-05/Clock.tsx
- No changes needed for 2025/25-11/25-11-07/Clock.tsx
- No changes needed for 2025/25-11/25-11-09/Clock.tsx
- No changes needed for 2025/25-11/25-11-10/Clock.tsx
- No changes needed for 2025/25-11/25-11-12/Clock.tsx
- No changes needed for 2025/25-11/25-11-13/Clock.tsx
- No changes needed for 2025/25-11/25-11-15/Clock.tsx
- No changes needed for 2025/25-11/25-11-19/Clock.tsx
- No changes needed for 2025/25-11/25-11-22/Clock.tsx
- No changes needed for 2025/25-11/25-11-23/Clock.tsx
- No changes needed for 2025/25-11/25-11-24/Clock.tsx
- No changes needed for 2025/25-11/25-11-25/Clock.tsx
- No changes needed for 2025/25-11/25-11-26/Clock.tsx
- No changes needed for 2025/25-11/25-11-27/Clock.tsx
- No changes needed for 2025/25-11/25-11-28/Clock.tsx
- No changes needed for 2025/25-11/25-11-29/Clock.tsx
- No changes needed for 2025/25-11/25-11-30/Clock.tsx
- No changes needed for 2025/25-12/25-12-01/Clock.tsx
- No changes needed for 2025/25-12/25-12-02/Clock.tsx
- No changes needed for 2025/25-12/25-12-03/Clock.tsx
- No changes needed for 2025/25-12/25-12-04/Clock.tsx
- No changes needed for 2025/25-12/25-12-06/Clock.tsx
- No changes needed for 2025/25-12/25-12-07/Clock.tsx
- No changes needed for 2025/25-12/25-12-08/Clock.tsx
- No changes needed for 2025/25-12/25-12-09/Clock.tsx
- No changes needed for 2025/25-12/25-12-10/Clock.tsx
- No changes needed for 2025/25-12/25-12-12/Clock.tsx
- No changes needed for 2025/25-12/25-12-13/Clock.tsx
- No changes needed for 2025/25-12/25-12-15/Clock.tsx
- No changes needed for 2025/25-12/25-12-16/Clock.tsx
- No changes needed for 2025/25-12/25-12-17/Clock.tsx
- No changes needed for 2025/25-12/25-12-18/Clock.tsx
- No changes needed for 2025/25-12/25-12-19/Clock.tsx
- No changes needed for 2025/25-12/25-12-23/Clock.tsx
- No changes needed for 2025/25-12/25-12-24/Clock.tsx
- No changes needed for 2025/25-12/25-12-29/Clock.tsx
- No changes needed for 2025/25-12/25-12-31/Clock.tsx
- No changes needed for 2026/26-01/26-01-02/Clock.tsx
- No changes needed for 2026/26-01/26-01-03/Clock.tsx
- No changes needed for 2026/26-01/26-01-04/Clock.tsx
- No changes needed for 2026/26-01/26-01-05/Clock.tsx
- No changes needed for 2026/26-01/26-01-06/Clock.tsx
- No changes needed for 2026/26-01/26-01-07/Clock.tsx
- No changes needed for 2026/26-01/26-01-09/Clock.tsx
- No changes needed for 2026/26-01/26-01-10/Clock.tsx
- No changes needed for 2026/26-01/26-01-12/Clock.tsx
- No changes needed for 2026/26-01/26-01-14/Clock.tsx
- No changes needed for 2026/26-01/26-01-15/Clock.tsx
- No changes needed for 2026/26-01/26-01-17/Clock.tsx
- No changes needed for 2026/26-01/26-01-25/Clock.tsx
- No changes needed for 2026/26-01/26-01-27/Clock.tsx
- No changes needed for 2026/26-01/26-01-30/Clock.tsx
- No changes needed for 2026/26-02/26-02-09/Clock.tsx
- No changes needed for 2026/26-03/26-03-05/Clock.tsx
- No changes needed for 2026/26-03/26-03-24/Clock.tsx

=== setInterval Migration Summary ===
Files processed: 0
Total migrations applied: 0

NOTE: Backup files created with .backup extension
Review changes and test clocks before removing backups.
